<?xml version="1.0" encoding="UTF-8"?>
<robot generator="Robot 6.0.2 (Python 3.11.2 on win32)" generated="20230403 03:06:00.868" rpa="false" schemaversion="3">
<suite id="s1" name="Qatest" source="C:\Users\minds\OneDrive\เอกสาร\qatest\Qatest.robot">
<test id="s1-t1" name="TC_02" line="16">
<kw name="Open Browser" library="SeleniumLibrary">
<arg>${url}</arg>
<arg>Chrome</arg>
<doc>Opens a new browser instance to the optional ``url``.</doc>
<msg timestamp="20230403 03:06:01.374" level="INFO">Opening browser 'Chrome' to base url 'https://the-internet.herokuapp.com/'.</msg>
<status status="PASS" starttime="20230403 03:06:01.373" endtime="20230403 03:06:12.435"/>
</kw>
<kw name="Click Element" library="SeleniumLibrary">
<arg>xpath=//a[@href="/windows"]</arg>
<doc>Click the element identified by ``locator``.</doc>
<msg timestamp="20230403 03:06:12.438" level="INFO">Clicking element 'xpath=//a[@href="/windows"]'.</msg>
<status status="PASS" starttime="20230403 03:06:12.436" endtime="20230403 03:06:13.105"/>
</kw>
<kw name="Click Element" library="SeleniumLibrary">
<arg>xpath=//a[@href="/windows/new"]</arg>
<doc>Click the element identified by ``locator``.</doc>
<msg timestamp="20230403 03:06:13.106" level="INFO">Clicking element 'xpath=//a[@href="/windows/new"]'.</msg>
<status status="PASS" starttime="20230403 03:06:13.105" endtime="20230403 03:06:13.237"/>
</kw>
<kw name="Sleep" library="BuiltIn">
<arg>5</arg>
<doc>Pauses the test executed for the given time.</doc>
<msg timestamp="20230403 03:06:18.241" level="INFO">Slept 5 seconds</msg>
<status status="PASS" starttime="20230403 03:06:13.238" endtime="20230403 03:06:18.241"/>
</kw>
<kw name="Location Should Be" library="SeleniumLibrary">
<arg>https://the-internet.herokuapp.com/windows</arg>
<doc>Verifies that the current URL is exactly ``url``.</doc>
<msg timestamp="20230403 03:06:18.309" level="INFO">Current location is 'https://the-internet.herokuapp.com/windows'.</msg>
<status status="PASS" starttime="20230403 03:06:18.246" endtime="20230403 03:06:18.310"/>
</kw>
<kw name="Close Browser" library="SeleniumLibrary">
<doc>Closes the current browser.</doc>
<status status="PASS" starttime="20230403 03:06:18.310" endtime="20230403 03:06:20.669"/>
</kw>
<doc>Test Click Multiple Windows</doc>
<status status="PASS" starttime="20230403 03:06:01.372" endtime="20230403 03:06:20.670"/>
</test>
<status status="PASS" starttime="20230403 03:06:00.871" endtime="20230403 03:06:20.672"/>
</suite>
<statistics>
<total>
<stat pass="1" fail="0" skip="0">All Tests</stat>
</total>
<tag>
</tag>
<suite>
<stat pass="1" fail="0" skip="0" id="s1" name="Qatest">Qatest</stat>
</suite>
</statistics>
<errors>
</errors>
</robot>
